\BOOKMARK [1][-]{section*.1}{Executive Summary}{}% 1
\BOOKMARK [1][-]{toc.1}{Table of Contents}{}% 2
\BOOKMARK [1][-]{section.1}{State of the art}{}% 3
\BOOKMARK [1][-]{section.2}{Universities should refactor residential education using MOOCs}{}% 4
\BOOKMARK [2][-]{subsection.2.1}{Instructor responsibilities: Context vs Content}{section.2}% 5
\BOOKMARK [2][-]{subsection.2.2}{Inexpensive video creation and the reorganization of courses and teaching roles}{section.2}% 6
\BOOKMARK [2][-]{subsection.2.3}{Teacher and learner commitment in new learning modes}{section.2}% 7
\BOOKMARK [1][-]{section.3}{Rich despite scale, or rich because of scale? Scaling up pedagogy}{}% 8
\BOOKMARK [2][-]{subsection.3.1}{Rich despite scale}{section.3}% 9
\BOOKMARK [2][-]{subsection.3.2}{Rich because of scale}{section.3}% 10
\BOOKMARK [2][-]{subsection.3.3}{Scaling both up and down}{section.3}% 11
\BOOKMARK [1][-]{section.4}{Universities should provide official credits for MOOCs}{}% 12
\BOOKMARK [2][-]{subsection.4.1}{Why credits?}{section.4}% 13
\BOOKMARK [2][-]{subsection.4.2}{MOOCs and Prerequisites}{section.4}% 14
\BOOKMARK [2][-]{subsection.4.3}{Universities' Role in Credit-Articulation Systems}{section.4}% 15
\BOOKMARK [1][-]{section.5}{Quality of a MOOC}{}% 16
\BOOKMARK [2][-]{subsection.5.1}{Dimensions of Quality Depend on Context and Actor}{section.5}% 17
\BOOKMARK [2][-]{subsection.5.2}{Existing Quality Problems}{section.5}% 18
\BOOKMARK [1][-]{section.6}{Standards for participation metrics should be developed}{}% 19
\BOOKMARK [2][-]{subsection.6.1}{Building blocks for deriving participation measures}{section.6}% 20
\BOOKMARK [2][-]{subsection.6.2}{The wealth of conditioning information}{section.6}% 21
\BOOKMARK [2][-]{subsection.6.3}{Challenges}{section.6}% 22
\BOOKMARK [1][-]{section.7}{MOOC Return on Investment is heavily university-dependent}{}% 23
\BOOKMARK [2][-]{subsection.7.1}{Potential benefits and pitfalls of investing in MOOCs}{section.7}% 24
\BOOKMARK [2][-]{subsection.7.2}{Research universities versus teaching universities}{section.7}% 25
\BOOKMARK [2][-]{subsection.7.3}{How policymakers can help}{section.7}% 26
\BOOKMARK [1][-]{section.8}{MOOCs should provide universal access}{}% 27
\BOOKMARK [1][-]{section.9}{New data policies should be collectively negotiated}{}% 28
\BOOKMARK [2][-]{subsection.9.1}{Data collection transparency and learner privacy}{section.9}% 29
\BOOKMARK [2][-]{subsection.9.2}{Sharing MOOC data across institutions and platforms}{section.9}% 30
\BOOKMARK [1][-]{section.10}{Research questions}{}% 31
\BOOKMARK [1][-]{section.11}{Conclusions}{}% 32
\BOOKMARK [1][-]{section.12}{Acknowledgments}{}% 33
\BOOKMARK [1][-]{section.13}{Participants}{}% 34
\BOOKMARK [1][-]{section.13}{References}{}% 35
